<?xml version="1.0" encoding="UTF-8"?>
<testsuite name="com.hashtable.HashTableTest" tests="1" skipped="0" failures="0" errors="0" timestamp="2021-05-05T06:49:47" hostname="DESKTOP-45808RR" time="0.005">
  <properties/>
  <testcase name="stringPassed_returnsWordFrequency" classname="com.hashtable.HashTableTest" time="0.005"/>
  <system-out><![CDATA[]]></system-out>
  <system-err><![CDATA[]]></system-err>
</testsuite>
